2014/07/30 13:01:28 [error] [system.db.CDbCommand] CDbCommand::fetchAll() failed: SQLSTATE[42S02]: Base table or view not found: 1146 Table 'freelensus.tbl_migration' doesn't exist. The SQL statement executed was: SHOW FULL COLUMNS FROM `tbl_migration`.
2014/07/30 14:18:42 [error] [system.db.CDbCommand] CDbCommand::fetchAll() failed: SQLSTATE[42S02]: Base table or view not found: 1146 Table 'freelensus.tbl_migration' doesn't exist. The SQL statement executed was: SHOW FULL COLUMNS FROM `tbl_migration`.
<<<<<<< HEAD
2014/07/30 15:07:32 [error] [system.db.CDbCommand] CDbCommand::fetchAll() failed: SQLSTATE[42S02]: Base table or view not found: 1146 Table 'freelensus.tbl_migration' doesn't exist. The SQL statement executed was: SHOW FULL COLUMNS FROM `tbl_migration`.
=======
>>>>>>> 77975d7ea387b5489cacd697f7a2b3a0f76fa988
2014/07/30 17:24:33 [error] [system.db.CDbCommand] CDbCommand::fetchAll() failed: SQLSTATE[42S02]: Base table or view not found: 1146 Table 'freelensus.tbl_migration' doesn't exist. The SQL statement executed was: SHOW FULL COLUMNS FROM `tbl_migration`.
2014/07/30 17:24:39 [error] [system.db.CDbCommand] CDbCommand::execute() failed: SQLSTATE[HY000]: General error: 1005 Can't create table 'freelensus.#sql-410_184' (errno: 150). The SQL statement executed was: ALTER TABLE `photos` ADD CONSTRAINT `fk_album` FOREIGN KEY (`album_id`) REFERENCES `albums` (`id`) ON DELETE cascade ON UPDATE cascade.
2014/07/30 17:24:39 [error] [exception.CDbException] exception 'CDbException' with message 'CDbCommand failed to execute the SQL statement: SQLSTATE[HY000]: General error: 1005 Can't create table 'freelensus.#sql-410_184' (errno: 150). The SQL statement executed was: ALTER TABLE `photos` ADD CONSTRAINT `fk_album` FOREIGN KEY (`album_id`) REFERENCES `albums` (`id`) ON DELETE cascade ON UPDATE cascade' in /var/www/html/yii/db/CDbCommand.php:358
Stack trace:
#0 /var/www/html/yii/db/CDbCommand.php(1435): CDbCommand->execute()
#1 /var/www/html/yii/db/CDbMigration.php(348): CDbCommand->addForeignKey('fk_album', 'photos', 'album_id', 'albums', 'id', 'cascade', 'cascade')
#2 /var/www/html/freelens.us/protected/migrations/m140730_062839_create_photos_table.php(13): CDbMigration->addForeignKey('fk_album', 'photos', 'album_id', 'albums', 'id', 'cascade', 'cascade')
#3 /var/www/html/yii/cli/commands/MigrateCommand.php(385): m140730_062839_create_photos_table->up()
#4 /var/www/html/yii/cli/commands/MigrateCommand.php(109): MigrateCommand->migrateUp('m140730_062839_...')
#5 [internal function]: MigrateCommand->actionUp(Array)
#6 /var/www/html/yii/console/CConsoleCommand.php(172): ReflectionMethod->invokeArgs(Object(MigrateCommand), Array)
#7 /var/www/html/yii/console/CConsoleCommandRunner.php(71): CConsoleCommand->run(Array)
#8 /var/www/html/yii/console/CConsoleApplication.php(92): CConsoleCommandRunner->run(Array)
#9 /var/www/html/yii/base/CApplication.php(180): CConsoleApplication->processRequest()
#10 /var/www/html/yii/yiic.php(33): CApplication->run()
#11 /var/www/html/freelens.us/protected/yiic.php(7): require_once('/var/www/html/y...')
#12 /var/www/html/freelens.us/protected/yiic(4): require_once('/var/www/html/f...')
#13 {main}
---
2014/07/30 17:30:08 [error] [php] include(m140730_062707_create_albums_table.php): failed to open stream: No such file or directory (/var/www/html/yii/YiiBase.php:427)
Stack trace:
#0 /var/www/html/yii/cli/commands/MigrateCommand.php(429): spl_autoload_call()
#1 /var/www/html/yii/cli/commands/MigrateCommand.php(384): MigrateCommand->instantiateMigration()
#2 /var/www/html/yii/cli/commands/MigrateCommand.php(109): MigrateCommand->migrateUp()
#3 unknown(0): MigrateCommand->actionUp()
#4 /var/www/html/yii/console/CConsoleCommand.php(172): ReflectionMethod->invokeArgs()
#5 /var/www/html/yii/console/CConsoleCommandRunner.php(71): MigrateCommand->run()
#6 /var/www/html/yii/console/CConsoleApplication.php(92): CConsoleCommandRunner->run()
#7 /var/www/html/yii/base/CApplication.php(180): CConsoleApplication->processRequest()
#8 /var/www/html/yii/yiic.php(33): CConsoleApplication->run()
#9 /var/www/html/freelens.us/protected/yiic.php(7): require_once()
#10 /var/www/html/freelens.us/protected/yiic(4): require_once()

2014/07/30 17:33:17 [error] [php] include(m140730_062707_create_albums_table.php): failed to open stream: No such file or directory (/var/www/html/yii/YiiBase.php:427)
Stack trace:
#0 /var/www/html/yii/cli/commands/MigrateCommand.php(429): spl_autoload_call()
#1 /var/www/html/yii/cli/commands/MigrateCommand.php(384): MigrateCommand->instantiateMigration()
#2 /var/www/html/yii/cli/commands/MigrateCommand.php(109): MigrateCommand->migrateUp()
#3 unknown(0): MigrateCommand->actionUp()
#4 /var/www/html/yii/console/CConsoleCommand.php(172): ReflectionMethod->invokeArgs()
#5 /var/www/html/yii/console/CConsoleCommandRunner.php(71): MigrateCommand->run()
#6 /var/www/html/yii/console/CConsoleApplication.php(92): CConsoleCommandRunner->run()
#7 /var/www/html/yii/base/CApplication.php(180): CConsoleApplication->processRequest()
#8 /var/www/html/yii/yiic.php(33): CConsoleApplication->run()
#9 /var/www/html/freelens.us/protected/yiic.php(7): require_once()
#10 /var/www/html/freelens.us/protected/yiic(4): require_once()

2014/07/30 17:34:11 [error] [system.db.CDbCommand] CDbCommand::fetchAll() failed: SQLSTATE[42S02]: Base table or view not found: 1146 Table 'freelensus.tbl_migration' doesn't exist. The SQL statement executed was: SHOW FULL COLUMNS FROM `tbl_migration`.
2014/07/30 17:34:15 [error] [php] include(m140730_062707_create_albums_table.php): failed to open stream: No such file or directory (/var/www/html/yii/YiiBase.php:427)
Stack trace:
#0 /var/www/html/yii/cli/commands/MigrateCommand.php(429): spl_autoload_call()
#1 /var/www/html/yii/cli/commands/MigrateCommand.php(384): MigrateCommand->instantiateMigration()
#2 /var/www/html/yii/cli/commands/MigrateCommand.php(109): MigrateCommand->migrateUp()
#3 unknown(0): MigrateCommand->actionUp()
#4 /var/www/html/yii/console/CConsoleCommand.php(172): ReflectionMethod->invokeArgs()
#5 /var/www/html/yii/console/CConsoleCommandRunner.php(71): MigrateCommand->run()
#6 /var/www/html/yii/console/CConsoleApplication.php(92): CConsoleCommandRunner->run()
#7 /var/www/html/yii/base/CApplication.php(180): CConsoleApplication->processRequest()
#8 /var/www/html/yii/yiic.php(33): CConsoleApplication->run()
#9 /var/www/html/freelens.us/protected/yiic.php(7): require_once()
#10 /var/www/html/freelens.us/protected/yiic(4): require_once()

2014/07/30 17:35:24 [error] [system.db.CDbCommand] CDbCommand::execute() failed: SQLSTATE[42000]: Syntax error or access violation: 1064 You have an error in your SQL syntax; check the manual that corresponds to your MySQL server version for the right syntax to use near 'not_null,
	`date` timestamp
)' at line 4. The SQL statement executed was: CREATE TABLE `orders` (
	`cam_id` int(11) not null,
	`user_id` int(11) not null,
	`price` int(11) not_null,
	`date` timestamp
).
2014/07/30 17:35:24 [error] [exception.CDbException] exception 'CDbException' with message 'CDbCommand failed to execute the SQL statement: SQLSTATE[42000]: Syntax error or access violation: 1064 You have an error in your SQL syntax; check the manual that corresponds to your MySQL server version for the right syntax to use near 'not_null,
	`date` timestamp
)' at line 4. The SQL statement executed was: CREATE TABLE `orders` (
	`cam_id` int(11) not null,
	`user_id` int(11) not null,
	`price` int(11) not_null,
	`date` timestamp
)' in /var/www/html/yii/db/CDbCommand.php:358
Stack trace:
#0 /var/www/html/yii/db/CDbCommand.php(1324): CDbCommand->execute()
#1 /var/www/html/yii/db/CDbMigration.php(233): CDbCommand->createTable('orders', Array, NULL)
#2 /var/www/html/freelens.us/protected/migrations/m140730_063020_create_orders_table.php(12): CDbMigration->createTable('orders', Array)
#3 /var/www/html/yii/cli/commands/MigrateCommand.php(385): m140730_063020_create_orders_table->up()
#4 /var/www/html/yii/cli/commands/MigrateCommand.php(109): MigrateCommand->migrateUp('m140730_063020_...')
#5 [internal function]: MigrateCommand->actionUp(Array)
#6 /var/www/html/yii/console/CConsoleCommand.php(172): ReflectionMethod->invokeArgs(Object(MigrateCommand), Array)
#7 /var/www/html/yii/console/CConsoleCommandRunner.php(71): CConsoleCommand->run(Array)
#8 /var/www/html/yii/console/CConsoleApplication.php(92): CConsoleCommandRunner->run(Array)
#9 /var/www/html/yii/base/CApplication.php(180): CConsoleApplication->processRequest()
#10 /var/www/html/yii/yiic.php(33): CApplication->run()
#11 /var/www/html/freelens.us/protected/yiic.php(7): require_once('/var/www/html/y...')
#12 /var/www/html/freelens.us/protected/yiic(4): require_once('/var/www/html/f...')
#13 {main}
---
2014/07/30 17:35:54 [error] [system.db.CDbCommand] CDbCommand::execute() failed: SQLSTATE[42000]: Syntax error or access violation: 1064 You have an error in your SQL syntax; check the manual that corresponds to your MySQL server version for the right syntax to use near 'not_null,
	`date` timestamp
)' at line 4. The SQL statement executed was: CREATE TABLE `orders` (
	`cam_id` int(11) not null,
	`user_id` int(11) not null,
	`price` int(11) not_null,
	`date` timestamp
).
2014/07/30 17:35:54 [error] [exception.CDbException] exception 'CDbException' with message 'CDbCommand failed to execute the SQL statement: SQLSTATE[42000]: Syntax error or access violation: 1064 You have an error in your SQL syntax; check the manual that corresponds to your MySQL server version for the right syntax to use near 'not_null,
	`date` timestamp
)' at line 4. The SQL statement executed was: CREATE TABLE `orders` (
	`cam_id` int(11) not null,
	`user_id` int(11) not null,
	`price` int(11) not_null,
	`date` timestamp
)' in /var/www/html/yii/db/CDbCommand.php:358
Stack trace:
#0 /var/www/html/yii/db/CDbCommand.php(1324): CDbCommand->execute()
#1 /var/www/html/yii/db/CDbMigration.php(233): CDbCommand->createTable('orders', Array, NULL)
#2 /var/www/html/freelens.us/protected/migrations/m140730_063020_create_orders_table.php(12): CDbMigration->createTable('orders', Array)
#3 /var/www/html/yii/cli/commands/MigrateCommand.php(385): m140730_063020_create_orders_table->up()
#4 /var/www/html/yii/cli/commands/MigrateCommand.php(109): MigrateCommand->migrateUp('m140730_063020_...')
#5 [internal function]: MigrateCommand->actionUp(Array)
#6 /var/www/html/yii/console/CConsoleCommand.php(172): ReflectionMethod->invokeArgs(Object(MigrateCommand), Array)
#7 /var/www/html/yii/console/CConsoleCommandRunner.php(71): CConsoleCommand->run(Array)
#8 /var/www/html/yii/console/CConsoleApplication.php(92): CConsoleCommandRunner->run(Array)
#9 /var/www/html/yii/base/CApplication.php(180): CConsoleApplication->processRequest()
#10 /var/www/html/yii/yiic.php(33): CApplication->run()
#11 /var/www/html/freelens.us/protected/yiic.php(7): require_once('/var/www/html/y...')
#12 /var/www/html/freelens.us/protected/yiic(4): require_once('/var/www/html/f...')
#13 {main}
---
2014/07/30 17:36:28 [error] [system.db.CDbCommand] CDbCommand::execute() failed: SQLSTATE[HY000]: General error: 1005 Can't create table 'freelensus.#sql-410_1a9' (errno: 121). The SQL statement executed was: ALTER TABLE `orders` ADD CONSTRAINT `fk_user` FOREIGN KEY (`user_id`) REFERENCES `users` (`id`) ON DELETE cascade ON UPDATE cascade.
2014/07/30 17:36:28 [error] [exception.CDbException] exception 'CDbException' with message 'CDbCommand failed to execute the SQL statement: SQLSTATE[HY000]: General error: 1005 Can't create table 'freelensus.#sql-410_1a9' (errno: 121). The SQL statement executed was: ALTER TABLE `orders` ADD CONSTRAINT `fk_user` FOREIGN KEY (`user_id`) REFERENCES `users` (`id`) ON DELETE cascade ON UPDATE cascade' in /var/www/html/yii/db/CDbCommand.php:358
Stack trace:
#0 /var/www/html/yii/db/CDbCommand.php(1435): CDbCommand->execute()
#1 /var/www/html/yii/db/CDbMigration.php(348): CDbCommand->addForeignKey('fk_user', 'orders', 'user_id', 'users', 'id', 'cascade', 'cascade')
#2 /var/www/html/freelens.us/protected/migrations/m140730_063020_create_orders_table.php(15): CDbMigration->addForeignKey('fk_user', 'orders', 'user_id', 'users', 'id', 'cascade', 'cascade')
#3 /var/www/html/yii/cli/commands/MigrateCommand.php(385): m140730_063020_create_orders_table->up()
#4 /var/www/html/yii/cli/commands/MigrateCommand.php(109): MigrateCommand->migrateUp('m140730_063020_...')
#5 [internal function]: MigrateCommand->actionUp(Array)
#6 /var/www/html/yii/console/CConsoleCommand.php(172): ReflectionMethod->invokeArgs(Object(MigrateCommand), Array)
#7 /var/www/html/yii/console/CConsoleCommandRunner.php(71): CConsoleCommand->run(Array)
#8 /var/www/html/yii/console/CConsoleApplication.php(92): CConsoleCommandRunner->run(Array)
#9 /var/www/html/yii/base/CApplication.php(180): CConsoleApplication->processRequest()
#10 /var/www/html/yii/yiic.php(33): CApplication->run()
#11 /var/www/html/freelens.us/protected/yiic.php(7): require_once('/var/www/html/y...')
#12 /var/www/html/freelens.us/protected/yiic(4): require_once('/var/www/html/f...')
#13 {main}
---
2014/07/30 17:40:24 [error] [system.db.CDbCommand] CDbCommand::execute() failed: SQLSTATE[HY000]: General error: 1005 Can't create table 'freelensus.#sql-410_1df' (errno: 121). The SQL statement executed was: ALTER TABLE `orders` ADD CONSTRAINT `fk_user` FOREIGN KEY (`user_id`) REFERENCES `users` (`id`) ON DELETE cascade ON UPDATE cascade.
2014/07/30 17:40:24 [error] [exception.CDbException] exception 'CDbException' with message 'CDbCommand failed to execute the SQL statement: SQLSTATE[HY000]: General error: 1005 Can't create table 'freelensus.#sql-410_1df' (errno: 121). The SQL statement executed was: ALTER TABLE `orders` ADD CONSTRAINT `fk_user` FOREIGN KEY (`user_id`) REFERENCES `users` (`id`) ON DELETE cascade ON UPDATE cascade' in /var/www/html/yii/db/CDbCommand.php:358
Stack trace:
#0 /var/www/html/yii/db/CDbCommand.php(1435): CDbCommand->execute()
#1 /var/www/html/yii/db/CDbMigration.php(348): CDbCommand->addForeignKey('fk_user', 'orders', 'user_id', 'users', 'id', 'cascade', 'cascade')
#2 /var/www/html/freelens.us/protected/migrations/m140730_063020_create_orders_table.php(15): CDbMigration->addForeignKey('fk_user', 'orders', 'user_id', 'users', 'id', 'cascade', 'cascade')
#3 /var/www/html/yii/cli/commands/MigrateCommand.php(385): m140730_063020_create_orders_table->up()
#4 /var/www/html/yii/cli/commands/MigrateCommand.php(109): MigrateCommand->migrateUp('m140730_063020_...')
#5 [internal function]: MigrateCommand->actionUp(Array)
#6 /var/www/html/yii/console/CConsoleCommand.php(172): ReflectionMethod->invokeArgs(Object(MigrateCommand), Array)
#7 /var/www/html/yii/console/CConsoleCommandRunner.php(71): CConsoleCommand->run(Array)
#8 /var/www/html/yii/console/CConsoleApplication.php(92): CConsoleCommandRunner->run(Array)
#9 /var/www/html/yii/base/CApplication.php(180): CConsoleApplication->processRequest()
#10 /var/www/html/yii/yiic.php(33): CApplication->run()
#11 /var/www/html/freelens.us/protected/yiic.php(7): require_once('/var/www/html/y...')
#12 /var/www/html/freelens.us/protected/yiic(4): require_once('/var/www/html/f...')
#13 {main}
---
2014/07/30 17:41:35 [error] [system.db.CDbCommand] CDbCommand::execute() failed: SQLSTATE[HY000]: General error: 1005 Can't create table 'freelensus.#sql-410_1e6' (errno: 121). The SQL statement executed was: ALTER TABLE `orders` ADD CONSTRAINT `fk_user` FOREIGN KEY (`user_id`) REFERENCES `users` (`id`) ON DELETE cascade ON UPDATE cascade.
2014/07/30 17:41:35 [error] [exception.CDbException] exception 'CDbException' with message 'CDbCommand failed to execute the SQL statement: SQLSTATE[HY000]: General error: 1005 Can't create table 'freelensus.#sql-410_1e6' (errno: 121). The SQL statement executed was: ALTER TABLE `orders` ADD CONSTRAINT `fk_user` FOREIGN KEY (`user_id`) REFERENCES `users` (`id`) ON DELETE cascade ON UPDATE cascade' in /var/www/html/yii/db/CDbCommand.php:358
Stack trace:
#0 /var/www/html/yii/db/CDbCommand.php(1435): CDbCommand->execute()
#1 /var/www/html/yii/db/CDbMigration.php(348): CDbCommand->addForeignKey('fk_user', 'orders', 'user_id', 'users', 'id', 'cascade', 'cascade')
#2 /var/www/html/freelens.us/protected/migrations/m140730_063020_create_orders_table.php(14): CDbMigration->addForeignKey('fk_user', 'orders', 'user_id', 'users', 'id', 'cascade', 'cascade')
#3 /var/www/html/yii/cli/commands/MigrateCommand.php(385): m140730_063020_create_orders_table->up()
#4 /var/www/html/yii/cli/commands/MigrateCommand.php(109): MigrateCommand->migrateUp('m140730_063020_...')
#5 [internal function]: MigrateCommand->actionUp(Array)
#6 /var/www/html/yii/console/CConsoleCommand.php(172): ReflectionMethod->invokeArgs(Object(MigrateCommand), Array)
#7 /var/www/html/yii/console/CConsoleCommandRunner.php(71): CConsoleCommand->run(Array)
#8 /var/www/html/yii/console/CConsoleApplication.php(92): CConsoleCommandRunner->run(Array)
#9 /var/www/html/yii/base/CApplication.php(180): CConsoleApplication->processRequest()
#10 /var/www/html/yii/yiic.php(33): CApplication->run()
#11 /var/www/html/freelens.us/protected/yiic.php(7): require_once('/var/www/html/y...')
#12 /var/www/html/freelens.us/protected/yiic(4): require_once('/var/www/html/f...')
#13 {main}
---
2014/07/30 17:52:32 [error] [system.db.CDbCommand] CDbCommand::execute() failed: SQLSTATE[42S01]: Base table or view already exists: 1050 Table 'orders' already exists. The SQL statement executed was: CREATE TABLE `orders` (
	`cam_id` int(11) not null,
	`user_id` int(11) not null,
	`price` int(11) not null,
	`date` timestamp
).
2014/07/30 17:52:32 [error] [exception.CDbException] exception 'CDbException' with message 'CDbCommand failed to execute the SQL statement: SQLSTATE[42S01]: Base table or view already exists: 1050 Table 'orders' already exists. The SQL statement executed was: CREATE TABLE `orders` (
	`cam_id` int(11) not null,
	`user_id` int(11) not null,
	`price` int(11) not null,
	`date` timestamp
)' in /var/www/html/yii/db/CDbCommand.php:358
Stack trace:
#0 /var/www/html/yii/db/CDbCommand.php(1324): CDbCommand->execute()
#1 /var/www/html/yii/db/CDbMigration.php(233): CDbCommand->createTable('orders', Array, NULL)
#2 /var/www/html/freelens.us/protected/migrations/m140730_063020_create_orders_table.php(12): CDbMigration->createTable('orders', Array)
#3 /var/www/html/yii/cli/commands/MigrateCommand.php(385): m140730_063020_create_orders_table->up()
#4 /var/www/html/yii/cli/commands/MigrateCommand.php(109): MigrateCommand->migrateUp('m140730_063020_...')
#5 [internal function]: MigrateCommand->actionUp(Array)
#6 /var/www/html/yii/console/CConsoleCommand.php(172): ReflectionMethod->invokeArgs(Object(MigrateCommand), Array)
#7 /var/www/html/yii/console/CConsoleCommandRunner.php(71): CConsoleCommand->run(Array)
#8 /var/www/html/yii/console/CConsoleApplication.php(92): CConsoleCommandRunner->run(Array)
#9 /var/www/html/yii/base/CApplication.php(180): CConsoleApplication->processRequest()
#10 /var/www/html/yii/yiic.php(33): CApplication->run()
#11 /var/www/html/freelens.us/protected/yiic.php(7): require_once('/var/www/html/y...')
#12 /var/www/html/freelens.us/protected/yiic(4): require_once('/var/www/html/f...')
#13 {main}
---
2014/07/30 17:52:46 [error] [system.db.CDbCommand] CDbCommand::execute() failed: SQLSTATE[42S01]: Base table or view already exists: 1050 Table 'orders' already exists. The SQL statement executed was: CREATE TABLE `orders` (
	`cam_id` int(11) not null,
	`user_id` int(11) not null,
	`price` int(11) not null,
	`date` timestamp
).
2014/07/30 17:52:46 [error] [exception.CDbException] exception 'CDbException' with message 'CDbCommand failed to execute the SQL statement: SQLSTATE[42S01]: Base table or view already exists: 1050 Table 'orders' already exists. The SQL statement executed was: CREATE TABLE `orders` (
	`cam_id` int(11) not null,
	`user_id` int(11) not null,
	`price` int(11) not null,
	`date` timestamp
)' in /var/www/html/yii/db/CDbCommand.php:358
Stack trace:
#0 /var/www/html/yii/db/CDbCommand.php(1324): CDbCommand->execute()
#1 /var/www/html/yii/db/CDbMigration.php(233): CDbCommand->createTable('orders', Array, NULL)
#2 /var/www/html/freelens.us/protected/migrations/m140730_063020_create_orders_table.php(12): CDbMigration->createTable('orders', Array)
#3 /var/www/html/yii/cli/commands/MigrateCommand.php(385): m140730_063020_create_orders_table->up()
#4 /var/www/html/yii/cli/commands/MigrateCommand.php(109): MigrateCommand->migrateUp('m140730_063020_...')
#5 [internal function]: MigrateCommand->actionUp(Array)
#6 /var/www/html/yii/console/CConsoleCommand.php(172): ReflectionMethod->invokeArgs(Object(MigrateCommand), Array)
#7 /var/www/html/yii/console/CConsoleCommandRunner.php(71): CConsoleCommand->run(Array)
#8 /var/www/html/yii/console/CConsoleApplication.php(92): CConsoleCommandRunner->run(Array)
#9 /var/www/html/yii/base/CApplication.php(180): CConsoleApplication->processRequest()
#10 /var/www/html/yii/yiic.php(33): CApplication->run()
#11 /var/www/html/freelens.us/protected/yiic.php(7): require_once('/var/www/html/y...')
#12 /var/www/html/freelens.us/protected/yiic(4): require_once('/var/www/html/f...')
#13 {main}
---
2014/07/30 22:16:20 [error] [exception.CException] exception 'CException' with message 'CAssetManager.basePath "/var/www/freelens.us/assets" is invalid. Please make sure the directory exists and is writable by the Web server process.' in /var/www/yii/web/CAssetManager.php:138
Stack trace:
#0 /var/www/yii/web/CAssetManager.php(123): CAssetManager->setBasePath('/var/www/freele...')
#1 /var/www/yii/web/CAssetManager.php(217): CAssetManager->getBasePath()
#2 /var/www/yii/web/CClientScript.php(510): CAssetManager->publish('/var/www/yii/we...')
#3 /var/www/yii/web/CClientScript.php(547): CClientScript->getCoreScriptUrl()
#4 /var/www/yii/web/CClientScript.php(348): CClientScript->getPackageBaseUrl('jquery')
#5 /var/www/yii/web/CClientScript.php(208): CClientScript->renderCoreScripts()
#6 /var/www/yii/web/CController.php(351): CClientScript->render('<!DOCTYPE html ...')
#7 /var/www/yii/web/CController.php(788): CController->processOutput('<!DOCTYPE html ...')
#8 /var/www/freelens.us/protected/controllers/SiteController.php(72): CController->render('contact', Array)
#9 /var/www/yii/web/actions/CInlineAction.php(49): SiteController->actionContact()
#10 /var/www/yii/web/CController.php(308): CInlineAction->runWithParams(Array)
#11 /var/www/yii/web/CController.php(286): CController->runAction(Object(CInlineAction))
#12 /var/www/yii/web/CController.php(265): CController->runActionWithFilters(Object(CInlineAction), Array)
#13 /var/www/yii/web/CWebApplication.php(282): CController->run('contact')
#14 /var/www/yii/web/CWebApplication.php(141): CWebApplication->runController('site/contact')
#15 /var/www/yii/base/CApplication.php(180): CWebApplication->processRequest()
#16 /var/www/freelens.us/index.php(13): CApplication->run()
#17 {main}
REQUEST_URI=/freelens.us/index.php/site/contact
HTTP_REFERER=http://localhost/freelens.us/index.php/site/page?view=about
---
2014/07/30 22:17:36 [error] [exception.CDbException] exception 'CDbException' with message 'CDbConnection failed to open the DB connection: SQLSTATE[42000] [1049] Unknown database 'freelensus'' in /var/www/yii/db/CDbConnection.php:382
Stack trace:
#0 /var/www/yii/db/CDbConnection.php(330): CDbConnection->open()
#1 /var/www/yii/db/CDbConnection.php(308): CDbConnection->setActive(true)
#2 /var/www/yii/base/CModule.php(387): CDbConnection->init()
#3 /var/www/yii/cli/commands/MigrateCommand.php(442): CModule->getComponent('db')
#4 /var/www/yii/cli/commands/MigrateCommand.php(451): MigrateCommand->getDbConnection()
#5 /var/www/yii/cli/commands/MigrateCommand.php(482): MigrateCommand->getMigrationHistory(-1)
#6 /var/www/yii/cli/commands/MigrateCommand.php(84): MigrateCommand->getNewMigrations()
#7 [internal function]: MigrateCommand->actionUp(Array)
#8 /var/www/yii/console/CConsoleCommand.php(172): ReflectionMethod->invokeArgs(Object(MigrateCommand), Array)
#9 /var/www/yii/console/CConsoleCommandRunner.php(71): CConsoleCommand->run(Array)
#10 /var/www/yii/console/CConsoleApplication.php(92): CConsoleCommandRunner->run(Array)
#11 /var/www/yii/base/CApplication.php(180): CConsoleApplication->processRequest()
#12 /var/www/yii/yiic.php(33): CApplication->run()
#13 /var/www/freelens.us/protected/yiic.php(7): require_once('/var/www/yii/yi...')
#14 /var/www/freelens.us/protected/yiic(4): require_once('/var/www/freele...')
#15 {main}
---
2014/07/30 22:18:14 [error] [system.db.CDbCommand] CDbCommand::fetchAll() failed: SQLSTATE[42S02]: Base table or view not found: 1146 Table 'freelensus.tbl_migration' doesn't exist. The SQL statement executed was: SHOW FULL COLUMNS FROM `tbl_migration`.
2014/07/30 22:18:20 [error] [system.db.CDbCommand] CDbCommand::execute() failed: SQLSTATE[HY000]: General error: 1005 Can't create table 'freelensus.#sql-48b_2c' (errno: 121). The SQL statement executed was: ALTER TABLE `orders` ADD CONSTRAINT `fk_user` FOREIGN KEY (`user_id`) REFERENCES `users` (`id`) ON DELETE cascade ON UPDATE cascade.
2014/07/30 22:18:20 [error] [exception.CDbException] exception 'CDbException' with message 'CDbCommand failed to execute the SQL statement: SQLSTATE[HY000]: General error: 1005 Can't create table 'freelensus.#sql-48b_2c' (errno: 121). The SQL statement executed was: ALTER TABLE `orders` ADD CONSTRAINT `fk_user` FOREIGN KEY (`user_id`) REFERENCES `users` (`id`) ON DELETE cascade ON UPDATE cascade' in /var/www/yii/db/CDbCommand.php:358
Stack trace:
#0 /var/www/yii/db/CDbCommand.php(1435): CDbCommand->execute()
#1 /var/www/yii/db/CDbMigration.php(348): CDbCommand->addForeignKey('fk_user', 'orders', 'user_id', 'users', 'id', 'cascade', 'cascade')
#2 /var/www/freelens.us/protected/migrations/m140730_063020_create_orders_table.php(14): CDbMigration->addForeignKey('fk_user', 'orders', 'user_id', 'users', 'id', 'cascade', 'cascade')
#3 /var/www/yii/cli/commands/MigrateCommand.php(385): m140730_063020_create_orders_table->up()
#4 /var/www/yii/cli/commands/MigrateCommand.php(109): MigrateCommand->migrateUp('m140730_063020_...')
#5 [internal function]: MigrateCommand->actionUp(Array)
#6 /var/www/yii/console/CConsoleCommand.php(172): ReflectionMethod->invokeArgs(Object(MigrateCommand), Array)
#7 /var/www/yii/console/CConsoleCommandRunner.php(71): CConsoleCommand->run(Array)
#8 /var/www/yii/console/CConsoleApplication.php(92): CConsoleCommandRunner->run(Array)
#9 /var/www/yii/base/CApplication.php(180): CConsoleApplication->processRequest()
#10 /var/www/yii/yiic.php(33): CApplication->run()
#11 /var/www/freelens.us/protected/yiic.php(7): require_once('/var/www/yii/yi...')
#12 /var/www/freelens.us/protected/yiic(4): require_once('/var/www/freele...')
#13 {main}
---
2014/07/30 22:21:03 [error] [system.db.CDbCommand] CDbCommand::execute() failed: SQLSTATE[HY000]: General error: 1005 Can't create table 'freelensus.#sql-48b_32' (errno: 121). The SQL statement executed was: ALTER TABLE `orders` ADD CONSTRAINT `fk_user` FOREIGN KEY (`user_id`) REFERENCES `users` (`id`) ON DELETE cascade ON UPDATE cascade.
2014/07/30 22:21:03 [error] [exception.CDbException] exception 'CDbException' with message 'CDbCommand failed to execute the SQL statement: SQLSTATE[HY000]: General error: 1005 Can't create table 'freelensus.#sql-48b_32' (errno: 121). The SQL statement executed was: ALTER TABLE `orders` ADD CONSTRAINT `fk_user` FOREIGN KEY (`user_id`) REFERENCES `users` (`id`) ON DELETE cascade ON UPDATE cascade' in /var/www/yii/db/CDbCommand.php:358
Stack trace:
#0 /var/www/yii/db/CDbCommand.php(1435): CDbCommand->execute()
#1 /var/www/yii/db/CDbMigration.php(348): CDbCommand->addForeignKey('fk_user', 'orders', 'user_id', 'users', 'id', 'cascade', 'cascade')
#2 /var/www/freelens.us/protected/migrations/m140730_063020_create_orders_table.php(15): CDbMigration->addForeignKey('fk_user', 'orders', 'user_id', 'users', 'id', 'cascade', 'cascade')
#3 /var/www/yii/cli/commands/MigrateCommand.php(385): m140730_063020_create_orders_table->up()
#4 /var/www/yii/cli/commands/MigrateCommand.php(109): MigrateCommand->migrateUp('m140730_063020_...')
#5 [internal function]: MigrateCommand->actionUp(Array)
#6 /var/www/yii/console/CConsoleCommand.php(172): ReflectionMethod->invokeArgs(Object(MigrateCommand), Array)
#7 /var/www/yii/console/CConsoleCommandRunner.php(71): CConsoleCommand->run(Array)
#8 /var/www/yii/console/CConsoleApplication.php(92): CConsoleCommandRunner->run(Array)
#9 /var/www/yii/base/CApplication.php(180): CConsoleApplication->processRequest()
#10 /var/www/yii/yiic.php(33): CApplication->run()
#11 /var/www/freelens.us/protected/yiic.php(7): require_once('/var/www/yii/yi...')
#12 /var/www/freelens.us/protected/yiic(4): require_once('/var/www/freele...')
#13 {main}
---
2014/07/31 00:27:04 [error] [system.db.CDbCommand] CDbCommand::execute() failed: SQLSTATE[42S01]: Base table or view already exists: 1050 Table 'orders' already exists. The SQL statement executed was: CREATE TABLE `orders` (
	`cam_id` int(11) not null,
	`user_id` int(11) not null,
	`price` int(11) not null,
	`date` timestamp
).
2014/07/31 00:27:04 [error] [exception.CDbException] exception 'CDbException' with message 'CDbCommand failed to execute the SQL statement: SQLSTATE[42S01]: Base table or view already exists: 1050 Table 'orders' already exists. The SQL statement executed was: CREATE TABLE `orders` (
	`cam_id` int(11) not null,
	`user_id` int(11) not null,
	`price` int(11) not null,
	`date` timestamp
)' in /var/www/yii/db/CDbCommand.php:358
Stack trace:
#0 /var/www/yii/db/CDbCommand.php(1324): CDbCommand->execute()
#1 /var/www/yii/db/CDbMigration.php(233): CDbCommand->createTable('orders', Array, NULL)
#2 /var/www/freelens.us/protected/migrations/m140730_063020_create_orders_table.php(12): CDbMigration->createTable('orders', Array)
#3 /var/www/yii/cli/commands/MigrateCommand.php(385): m140730_063020_create_orders_table->up()
#4 /var/www/yii/cli/commands/MigrateCommand.php(109): MigrateCommand->migrateUp('m140730_063020_...')
#5 [internal function]: MigrateCommand->actionUp(Array)
#6 /var/www/yii/console/CConsoleCommand.php(172): ReflectionMethod->invokeArgs(Object(MigrateCommand), Array)
#7 /var/www/yii/console/CConsoleCommandRunner.php(71): CConsoleCommand->run(Array)
#8 /var/www/yii/console/CConsoleApplication.php(92): CConsoleCommandRunner->run(Array)
#9 /var/www/yii/base/CApplication.php(180): CConsoleApplication->processRequest()
#10 /var/www/yii/yiic.php(33): CApplication->run()
#11 /var/www/freelens.us/protected/yiic.php(7): require_once('/var/www/yii/yi...')
#12 /var/www/freelens.us/protected/yiic(4): require_once('/var/www/freele...')
#13 {main}
---
2014/07/31 00:27:40 [error] [system.db.CDbCommand] CDbCommand::execute() failed: SQLSTATE[HY000]: General error: 1005 Can't create table 'freelensus.#sql-48b_3a' (errno: 121). The SQL statement executed was: ALTER TABLE `orders` ADD CONSTRAINT `fk_user` FOREIGN KEY (`user_id`) REFERENCES `users` (`id`).
2014/07/31 00:27:40 [error] [exception.CDbException] exception 'CDbException' with message 'CDbCommand failed to execute the SQL statement: SQLSTATE[HY000]: General error: 1005 Can't create table 'freelensus.#sql-48b_3a' (errno: 121). The SQL statement executed was: ALTER TABLE `orders` ADD CONSTRAINT `fk_user` FOREIGN KEY (`user_id`) REFERENCES `users` (`id`)' in /var/www/yii/db/CDbCommand.php:358
Stack trace:
#0 /var/www/yii/db/CDbCommand.php(1435): CDbCommand->execute()
#1 /var/www/yii/db/CDbMigration.php(348): CDbCommand->addForeignKey('fk_user', 'orders', 'user_id', 'users', 'id', NULL, NULL)
#2 /var/www/freelens.us/protected/migrations/m140730_063020_create_orders_table.php(15): CDbMigration->addForeignKey('fk_user', 'orders', 'user_id', 'users', 'id')
#3 /var/www/yii/cli/commands/MigrateCommand.php(385): m140730_063020_create_orders_table->up()
#4 /var/www/yii/cli/commands/MigrateCommand.php(109): MigrateCommand->migrateUp('m140730_063020_...')
#5 [internal function]: MigrateCommand->actionUp(Array)
#6 /var/www/yii/console/CConsoleCommand.php(172): ReflectionMethod->invokeArgs(Object(MigrateCommand), Array)
#7 /var/www/yii/console/CConsoleCommandRunner.php(71): CConsoleCommand->run(Array)
#8 /var/www/yii/console/CConsoleApplication.php(92): CConsoleCommandRunner->run(Array)
#9 /var/www/yii/base/CApplication.php(180): CConsoleApplication->processRequest()
#10 /var/www/yii/yiic.php(33): CApplication->run()
#11 /var/www/freelens.us/protected/yiic.php(7): require_once('/var/www/yii/yi...')
#12 /var/www/freelens.us/protected/yiic(4): require_once('/var/www/freele...')
#13 {main}
---
2014/07/31 00:29:57 [error] [system.db.CDbCommand] CDbCommand::execute() failed: SQLSTATE[HY000]: General error: 1005 Can't create table 'freelensus.#sql-48b_45' (errno: 121). The SQL statement executed was: ALTER TABLE `orders` ADD CONSTRAINT `fk_user` FOREIGN KEY (`user_id`) REFERENCES `users` (`id`).
2014/07/31 00:29:57 [error] [exception.CDbException] exception 'CDbException' with message 'CDbCommand failed to execute the SQL statement: SQLSTATE[HY000]: General error: 1005 Can't create table 'freelensus.#sql-48b_45' (errno: 121). The SQL statement executed was: ALTER TABLE `orders` ADD CONSTRAINT `fk_user` FOREIGN KEY (`user_id`) REFERENCES `users` (`id`)' in /var/www/yii/db/CDbCommand.php:358
Stack trace:
#0 /var/www/yii/db/CDbCommand.php(1435): CDbCommand->execute()
#1 /var/www/yii/db/CDbMigration.php(348): CDbCommand->addForeignKey('fk_user', 'orders', 'user_id', 'users', 'id', NULL, NULL)
#2 /var/www/freelens.us/protected/migrations/m140730_063020_create_orders_table.php(15): CDbMigration->addForeignKey('fk_user', 'orders', 'user_id', 'users', 'id')
#3 /var/www/yii/cli/commands/MigrateCommand.php(385): m140730_063020_create_orders_table->up()
#4 /var/www/yii/cli/commands/MigrateCommand.php(109): MigrateCommand->migrateUp('m140730_063020_...')
#5 [internal function]: MigrateCommand->actionUp(Array)
#6 /var/www/yii/console/CConsoleCommand.php(172): ReflectionMethod->invokeArgs(Object(MigrateCommand), Array)
#7 /var/www/yii/console/CConsoleCommandRunner.php(71): CConsoleCommand->run(Array)
#8 /var/www/yii/console/CConsoleApplication.php(92): CConsoleCommandRunner->run(Array)
#9 /var/www/yii/base/CApplication.php(180): CConsoleApplication->processRequest()
#10 /var/www/yii/yiic.php(33): CApplication->run()
#11 /var/www/freelens.us/protected/yiic.php(7): require_once('/var/www/yii/yi...')
#12 /var/www/freelens.us/protected/yiic(4): require_once('/var/www/freele...')
#13 {main}
---
2014/07/31 00:32:20 [error] [system.db.CDbCommand] CDbCommand::execute() failed: SQLSTATE[HY000]: General error: 1005 Can't create table 'freelensus.#sql-48b_4c' (errno: 121). The SQL statement executed was: ALTER TABLE `schedule` ADD CONSTRAINT `fk_cam` FOREIGN KEY (`cam_id`) REFERENCES `camerists` (`user_id`) ON DELETE cascade ON UPDATE cascade.
2014/07/31 00:32:20 [error] [exception.CDbException] exception 'CDbException' with message 'CDbCommand failed to execute the SQL statement: SQLSTATE[HY000]: General error: 1005 Can't create table 'freelensus.#sql-48b_4c' (errno: 121). The SQL statement executed was: ALTER TABLE `schedule` ADD CONSTRAINT `fk_cam` FOREIGN KEY (`cam_id`) REFERENCES `camerists` (`user_id`) ON DELETE cascade ON UPDATE cascade' in /var/www/yii/db/CDbCommand.php:358
Stack trace:
#0 /var/www/yii/db/CDbCommand.php(1435): CDbCommand->execute()
#1 /var/www/yii/db/CDbMigration.php(348): CDbCommand->addForeignKey('fk_cam', 'schedule', 'cam_id', 'camerists', 'user_id', 'cascade', 'cascade')
#2 /var/www/freelens.us/protected/migrations/m140730_063732_create_schedule_table.php(15): CDbMigration->addForeignKey('fk_cam', 'schedule', 'cam_id', 'camerists', 'user_id', 'cascade', 'cascade')
#3 /var/www/yii/cli/commands/MigrateCommand.php(385): m140730_063732_create_schedule_table->up()
#4 /var/www/yii/cli/commands/MigrateCommand.php(109): MigrateCommand->migrateUp('m140730_063732_...')
#5 [internal function]: MigrateCommand->actionUp(Array)
#6 /var/www/yii/console/CConsoleCommand.php(172): ReflectionMethod->invokeArgs(Object(MigrateCommand), Array)
#7 /var/www/yii/console/CConsoleCommandRunner.php(71): CConsoleCommand->run(Array)
#8 /var/www/yii/console/CConsoleApplication.php(92): CConsoleCommandRunner->run(Array)
#9 /var/www/yii/base/CApplication.php(180): CConsoleApplication->processRequest()
#10 /var/www/yii/yiic.php(33): CApplication->run()
#11 /var/www/freelens.us/protected/yiic.php(7): require_once('/var/www/yii/yi...')
#12 /var/www/freelens.us/protected/yiic(4): require_once('/var/www/freele...')
#13 {main}
---
2014/07/31 00:33:19 [error] [system.db.CDbCommand] CDbCommand::execute() failed: SQLSTATE[42S01]: Base table or view already exists: 1050 Table 'schedule' already exists. The SQL statement executed was: CREATE TABLE `schedule` (
	`cam_id` int(11),
	`start_date` timestamp,
	`end_date` timestamp,
	`price` int,
	`desc` text
).
2014/07/31 00:33:19 [error] [exception.CDbException] exception 'CDbException' with message 'CDbCommand failed to execute the SQL statement: SQLSTATE[42S01]: Base table or view already exists: 1050 Table 'schedule' already exists. The SQL statement executed was: CREATE TABLE `schedule` (
	`cam_id` int(11),
	`start_date` timestamp,
	`end_date` timestamp,
	`price` int,
	`desc` text
)' in /var/www/yii/db/CDbCommand.php:358
Stack trace:
#0 /var/www/yii/db/CDbCommand.php(1324): CDbCommand->execute()
#1 /var/www/yii/db/CDbMigration.php(233): CDbCommand->createTable('schedule', Array, NULL)
#2 /var/www/freelens.us/protected/migrations/m140730_063732_create_schedule_table.php(13): CDbMigration->createTable('schedule', Array)
#3 /var/www/yii/cli/commands/MigrateCommand.php(385): m140730_063732_create_schedule_table->up()
#4 /var/www/yii/cli/commands/MigrateCommand.php(109): MigrateCommand->migrateUp('m140730_063732_...')
#5 [internal function]: MigrateCommand->actionUp(Array)
#6 /var/www/yii/console/CConsoleCommand.php(172): ReflectionMethod->invokeArgs(Object(MigrateCommand), Array)
#7 /var/www/yii/console/CConsoleCommandRunner.php(71): CConsoleCommand->run(Array)
#8 /var/www/yii/console/CConsoleApplication.php(92): CConsoleCommandRunner->run(Array)
#9 /var/www/yii/base/CApplication.php(180): CConsoleApplication->processRequest()
#10 /var/www/yii/yiic.php(33): CApplication->run()
#11 /var/www/freelens.us/protected/yiic.php(7): require_once('/var/www/yii/yi...')
#12 /var/www/freelens.us/protected/yiic(4): require_once('/var/www/freele...')
#13 {main}
---
2014/07/31 01:52:04 [error] [system.db.CDbCommand] CDbCommand::fetchAll() failed: SQLSTATE[42S02]: Base table or view not found: 1146 Table 'freelensus.tbl_migration' doesn't exist. The SQL statement executed was: SHOW FULL COLUMNS FROM `tbl_migration`.
